20:29:50 INFO  : Registering command handlers for SDK TCF services
20:29:52 INFO  : Launching XSCT server: xsct -n -interactive /home/nicolas/Documentos/FPGA_Practicas/laboratorio_1/laboratorio_1.sdk/temp_xsdb_launch_script.tcl
20:30:00 INFO  : XSCT server has started successfully.
20:30:00 INFO  : Successfully done setting XSCT server connection channel  
20:30:14 INFO  : Successfully done setting SDK workspace  
20:30:14 INFO  : Processing command line option -hwspec /home/nicolas/Documentos/FPGA_Practicas/laboratorio_1/laboratorio_1.sdk/system_wrapper.hdf.
20:56:30 INFO  : Connected to target on host '181.47.10.131' and port '3121'.
20:56:58 INFO  : Connected to target on host '181.47.10.131' and port '3121'.
20:57:19 INFO  : Connected to target on host '181.47.10.131' and port '3121'.
20:57:53 INFO  : Connected through redirection to target on host '181.47.10.131' and port '3121'.
20:57:53 WARN  : SDK version '2018.2' doesn't match hw_server version '2019.2'. Some debug features may not work.
20:58:28 INFO  : Jtag cable 'Digilent Arty Z7 003017A4C8ABA' is selected.
20:58:28 INFO  : 'jtag frequency' command is executed.
20:58:28 INFO  : Sourcing of '/home/nicolas/Documentos/FPGA_Practicas/laboratorio_1/laboratorio_1.sdk/system_wrapper_hw_platform_0/ps7_init.tcl' is done.
20:58:28 INFO  : Context for 'APU' is selected.
20:58:29 INFO  : System reset is completed.
20:58:32 INFO  : 'after 3000' command is executed.
20:58:32 INFO  : Context for 'APU' is selected.
20:58:32 INFO  : Hardware design information is loaded from '/home/nicolas/Documentos/FPGA_Practicas/laboratorio_1/laboratorio_1.sdk/system_wrapper_hw_platform_0/system.hdf'.
20:58:32 INFO  : 'configparams force-mem-access 1' command is executed.
20:58:32 INFO  : Context for 'APU' is selected.
20:58:38 INFO  : 'ps7_init' command is executed.
20:58:38 INFO  : 'ps7_post_config' command is executed.
20:58:38 INFO  : Context for processor 'ps7_cortexa9_0' is selected.
20:58:38 INFO  : The application '/home/nicolas/Documentos/FPGA_Practicas/laboratorio_1/laboratorio_1.sdk/mem_test/Debug/mem_test.elf' is downloaded to processor 'ps7_cortexa9_0'.
20:58:38 INFO  : 'configparams force-mem-access 0' command is executed.
20:58:38 INFO  : ----------------XSDB Script----------------
connect -path [list tcp::1534 tcp:181.47.10.131:3121]
source /home/nicolas/Documentos/FPGA_Practicas/laboratorio_1/laboratorio_1.sdk/system_wrapper_hw_platform_0/ps7_init.tcl
targets -set -nocase -filter {name =~"APU*" && jtag_cable_name =~ "Digilent Arty Z7 003017A4C8ABA"} -index 0
rst -system
after 3000
targets -set -nocase -filter {name =~"APU*" && jtag_cable_name =~ "Digilent Arty Z7 003017A4C8ABA"} -index 0
loadhw -hw /home/nicolas/Documentos/FPGA_Practicas/laboratorio_1/laboratorio_1.sdk/system_wrapper_hw_platform_0/system.hdf -mem-ranges [list {0x40000000 0xbfffffff}]
configparams force-mem-access 1
targets -set -nocase -filter {name =~"APU*" && jtag_cable_name =~ "Digilent Arty Z7 003017A4C8ABA"} -index 0
ps7_init
ps7_post_config
targets -set -nocase -filter {name =~ "ARM*#0" && jtag_cable_name =~ "Digilent Arty Z7 003017A4C8ABA"} -index 0
dow /home/nicolas/Documentos/FPGA_Practicas/laboratorio_1/laboratorio_1.sdk/mem_test/Debug/mem_test.elf
configparams force-mem-access 0
----------------End of Script----------------

20:58:39 INFO  : Context for processor 'ps7_cortexa9_0' is selected.
20:58:39 INFO  : 'con' command is executed.
20:58:39 INFO  : ----------------XSDB Script (After Launch)----------------
targets -set -nocase -filter {name =~ "ARM*#0" && jtag_cable_name =~ "Digilent Arty Z7 003017A4C8ABA"} -index 0
con
----------------End of Script----------------

20:58:39 INFO  : Launch script is exported to file '/home/nicolas/Documentos/FPGA_Practicas/laboratorio_1/laboratorio_1.sdk/.sdk/launch_scripts/xilinx_c-c++_application_(system_debugger)/system_debugger_using_debug_mem_test.elf_on_local.tcl'
21:00:40 INFO  : Disconnected from the channel tcfchan#2.
10:07:39 INFO  : Registering command handlers for SDK TCF services
10:07:41 INFO  : Launching XSCT server: xsct -n -interactive /home/nicolas/Documentos/FPGA_Practicas/laboratorio_2/laboratorio_2.sdk/temp_xsdb_launch_script.tcl
10:07:45 INFO  : XSCT server has started successfully.
10:07:45 INFO  : Successfully done setting XSCT server connection channel  
10:07:48 INFO  : Successfully done setting SDK workspace  
10:07:48 INFO  : Processing command line option -hwspec /home/nicolas/Documentos/FPGA_Practicas/laboratorio_2/laboratorio_2.sdk/system_wrapper.hdf.
09:26:54 INFO  : Registering command handlers for SDK TCF services
09:26:57 INFO  : Launching XSCT server: xsct -n -interactive /home/nicolas/Documentos/FPGA_Practicas/laboratorio_4/laboratorio_4.sdk/temp_xsdb_launch_script.tcl
09:27:01 INFO  : XSCT server has started successfully.
09:27:01 INFO  : Successfully done setting XSCT server connection channel  
09:27:09 INFO  : Successfully done setting SDK workspace  
09:27:09 INFO  : Processing command line option -hwspec /home/nicolas/Documentos/FPGA_Practicas/laboratorio_4/laboratorio_4.sdk/system_wrapper.hdf.
