11:14:26 INFO  : Registering command handlers for SDK TCF services
11:14:29 INFO  : Launching XSCT server: xsct -n -interactive /home/nicolas/Documentos/FPGA_Practicas/contador_ip/contador_ad/contador_ad.sdk/temp_xsdb_launch_script.tcl
11:14:34 INFO  : XSCT server has started successfully.
11:14:34 INFO  : Successfully done setting XSCT server connection channel  
11:14:34 INFO  : Successfully done setting SDK workspace  
11:14:36 INFO  : Processing command line option -hwspec /home/nicolas/Documentos/FPGA_Practicas/contador_ip/contador_ad/contador_ad.sdk/system_wrapper.hdf.
20:23:33 INFO  : Registering command handlers for SDK TCF services
20:23:36 INFO  : Launching XSCT server: xsct -n -interactive /home/nicolas/Documentos/FPGA_Practicas/contador_ip/contador_ad/contador_ad.sdk/temp_xsdb_launch_script.tcl
20:23:43 INFO  : XSCT server has started successfully.
20:23:48 INFO  : Successfully done setting XSCT server connection channel  
20:23:49 INFO  : Processing command line option -hwspec /home/nicolas/Documentos/FPGA_Practicas/contador_ip/contador_ad/contador_ad.sdk/system_wrapper.hdf.
20:23:56 INFO  : Successfully done setting SDK workspace  
20:23:58 INFO  : Checking for hwspec changes in the project system_wrapper_hw_platform_0.
20:23:58 INFO  : SDK has detected change in the last modified timestamps for source hardware specification file Source:1638197777000,  Project:1638195094000
20:23:58 INFO  : The hardware specification for project 'system_wrapper_hw_platform_0' is different from /home/nicolas/Documentos/FPGA_Practicas/contador_ip/contador_ad/contador_ad.sdk/system_wrapper.hdf.
20:24:14 INFO  : Copied contents of /home/nicolas/Documentos/FPGA_Practicas/contador_ip/contador_ad/contador_ad.sdk/system_wrapper.hdf into /system_wrapper_hw_platform_0/system.hdf.
20:24:19 INFO  : Synchronizing projects in the workspace with the hardware platform specification changes.
20:24:23 INFO  : 
20:24:24 INFO  : Updating hardware inferred compiler options for contador_ad.
20:24:24 INFO  : Clearing existing target manager status.
20:24:24 INFO  : Workspace synchronized with the new hardware specification file. Cleaning dependent projects...
20:24:26 WARN  : Linker script will not be updated automatically. Users need to update it manually.
20:55:36 INFO  : Connected to target on host '181.47.10.131' and port '3121'.
20:55:44 INFO  : Connected to target on host '181.47.10.131' and port '3121'.
21:16:44 INFO  : Example project cont_ad_bsp_xuartps_hello_world_example_1 has been created successfully.
21:16:45 INFO  : Example project cont_ad_bsp_xuartps_selftest_example_1 has been created successfully.
21:16:47 INFO  : Example project cont_ad_bsp_xuartps_low_echo_example_1 has been created successfully.
21:16:49 INFO  : Example project cont_ad_bsp_xuartps_polled_example_1 has been created successfully.
21:16:51 INFO  : Example project cont_ad_bsp_xuartps_intr_example_1 has been created successfully.
21:28:53 INFO  : Connected to target on host '181.47.10.131' and port '3121'.
21:28:58 INFO  : Connected to target on host '181.47.10.131' and port '3121'.
21:30:05 INFO  : Connected to target on host '181.47.10.131' and port '3121'.
21:30:10 INFO  : Connected to target on host '181.47.10.131' and port '3121'.
21:32:11 INFO  : Connected to target on host '181.47.10.131' and port '3121'.
21:32:18 INFO  : Connected to target on host '181.47.10.131' and port '3121'.
21:32:29 INFO  : Connected through redirection to target on host '181.47.10.131' and port '3121'.
21:32:29 WARN  : SDK version '2018.2' doesn't match hw_server version '2019.2'. Some debug features may not work.
21:32:41 INFO  : Jtag cable 'Digilent Arty Z7 003017A4C8ABA' is selected.
21:32:41 INFO  : 'jtag frequency' command is executed.
21:32:41 INFO  : Sourcing of '/home/nicolas/Documentos/FPGA_Practicas/contador_ip/contador_ad/contador_ad.sdk/system_wrapper_hw_platform_0/ps7_init.tcl' is done.
21:32:42 INFO  : Context for 'APU' is selected.
21:32:42 INFO  : System reset is completed.
21:32:45 INFO  : 'after 3000' command is executed.
21:32:45 INFO  : 'targets -set -filter {jtag_cable_name =~ "Digilent Arty Z7 003017A4C8ABA" && level==0} -index 1' command is executed.
21:32:47 INFO  : FPGA configured successfully with bitstream "/home/nicolas/Documentos/FPGA_Practicas/contador_ip/contador_ad/contador_ad.sdk/system_wrapper_hw_platform_0/system_wrapper.bit"
21:32:47 INFO  : Context for 'APU' is selected.
21:32:47 INFO  : Hardware design information is loaded from '/home/nicolas/Documentos/FPGA_Practicas/contador_ip/contador_ad/contador_ad.sdk/system_wrapper_hw_platform_0/system.hdf'.
21:32:47 INFO  : 'configparams force-mem-access 1' command is executed.
21:32:47 INFO  : Context for 'APU' is selected.
21:32:55 INFO  : 'ps7_init' command is executed.
21:32:55 INFO  : 'ps7_post_config' command is executed.
21:32:55 INFO  : Context for processor 'ps7_cortexa9_0' is selected.
21:32:55 INFO  : The application '/home/nicolas/Documentos/FPGA_Practicas/contador_ip/contador_ad/contador_ad.sdk/cont_ad/Debug/cont_ad.elf' is downloaded to processor 'ps7_cortexa9_0'.
21:32:55 INFO  : 'configparams force-mem-access 0' command is executed.
21:32:55 INFO  : ----------------XSDB Script----------------
connect -path [list tcp::1534 tcp:181.47.10.131:3121]
source /home/nicolas/Documentos/FPGA_Practicas/contador_ip/contador_ad/contador_ad.sdk/system_wrapper_hw_platform_0/ps7_init.tcl
targets -set -nocase -filter {name =~"APU*" && jtag_cable_name =~ "Digilent Arty Z7 003017A4C8ABA"} -index 0
rst -system
after 3000
targets -set -filter {jtag_cable_name =~ "Digilent Arty Z7 003017A4C8ABA" && level==0} -index 1
fpga -file /home/nicolas/Documentos/FPGA_Practicas/contador_ip/contador_ad/contador_ad.sdk/system_wrapper_hw_platform_0/system_wrapper.bit
targets -set -nocase -filter {name =~"APU*" && jtag_cable_name =~ "Digilent Arty Z7 003017A4C8ABA"} -index 0
loadhw -hw /home/nicolas/Documentos/FPGA_Practicas/contador_ip/contador_ad/contador_ad.sdk/system_wrapper_hw_platform_0/system.hdf -mem-ranges [list {0x40000000 0xbfffffff}]
configparams force-mem-access 1
targets -set -nocase -filter {name =~"APU*" && jtag_cable_name =~ "Digilent Arty Z7 003017A4C8ABA"} -index 0
ps7_init
ps7_post_config
targets -set -nocase -filter {name =~ "ARM*#0" && jtag_cable_name =~ "Digilent Arty Z7 003017A4C8ABA"} -index 0
dow /home/nicolas/Documentos/FPGA_Practicas/contador_ip/contador_ad/contador_ad.sdk/cont_ad/Debug/cont_ad.elf
configparams force-mem-access 0
----------------End of Script----------------

21:32:56 INFO  : Memory regions updated for context APU
21:32:56 INFO  : Context for processor 'ps7_cortexa9_0' is selected.
21:32:56 INFO  : 'con' command is executed.
21:32:56 INFO  : ----------------XSDB Script (After Launch)----------------
targets -set -nocase -filter {name =~ "ARM*#0" && jtag_cable_name =~ "Digilent Arty Z7 003017A4C8ABA"} -index 0
con
----------------End of Script----------------

21:32:56 INFO  : Launch script is exported to file '/home/nicolas/Documentos/FPGA_Practicas/contador_ip/contador_ad/contador_ad.sdk/.sdk/launch_scripts/xilinx_c-c++_application_(system_debugger)/system_debugger_using_debug_cont_ad.elf_on_local_board_01.tcl'
21:41:53 INFO  : Disconnected from the channel tcfchan#2.
22:30:56 INFO  : Registering command handlers for SDK TCF services
22:30:58 INFO  : Launching XSCT server: xsct -n -interactive /home/nicolas/Documentos/FPGA_Practicas/contador_ip/contador_ad/contador_ad.sdk/temp_xsdb_launch_script.tcl
22:31:06 INFO  : XSCT server has started successfully.
22:31:21 INFO  : Successfully done setting XSCT server connection channel  
22:31:21 INFO  : Successfully done setting SDK workspace  
22:31:21 INFO  : Processing command line option -hwspec /home/nicolas/Documentos/FPGA_Practicas/contador_ip/contador_ad/contador_ad.sdk/system_wrapper.hdf.
22:31:21 INFO  : Checking for hwspec changes in the project system_wrapper_hw_platform_0.
23:23:49 INFO  : Connected through redirection to target on host '181.47.10.131' and port '3121'.
23:23:50 WARN  : SDK version '2018.2' doesn't match hw_server version '2019.2'. Some debug features may not work.
23:23:54 INFO  : Jtag cable 'Digilent Arty Z7 003017A4C8ABA' is selected.
23:23:54 INFO  : 'jtag frequency' command is executed.
23:23:54 INFO  : Sourcing of '/home/nicolas/Documentos/FPGA_Practicas/contador_ip/contador_ad/contador_ad.sdk/system_wrapper_hw_platform_0/ps7_init.tcl' is done.
23:23:54 INFO  : Context for 'APU' is selected.
23:23:55 INFO  : System reset is completed.
23:23:58 INFO  : 'after 3000' command is executed.
23:23:58 INFO  : 'targets -set -filter {jtag_cable_name =~ "Digilent Arty Z7 003017A4C8ABA" && level==0} -index 1' command is executed.
23:23:59 INFO  : FPGA configured successfully with bitstream "/home/nicolas/Documentos/FPGA_Practicas/contador_ip/contador_ad/contador_ad.sdk/system_wrapper_hw_platform_0/system_wrapper.bit"
23:23:59 INFO  : Context for 'APU' is selected.
23:24:00 INFO  : Hardware design information is loaded from '/home/nicolas/Documentos/FPGA_Practicas/contador_ip/contador_ad/contador_ad.sdk/system_wrapper_hw_platform_0/system.hdf'.
23:24:00 INFO  : 'configparams force-mem-access 1' command is executed.
23:24:00 INFO  : Context for 'APU' is selected.
23:24:08 INFO  : 'ps7_init' command is executed.
23:24:08 INFO  : 'ps7_post_config' command is executed.
23:24:08 INFO  : Context for processor 'ps7_cortexa9_0' is selected.
23:24:09 INFO  : The application '/home/nicolas/Documentos/FPGA_Practicas/contador_ip/contador_ad/contador_ad.sdk/cont_ad/Debug/cont_ad.elf' is downloaded to processor 'ps7_cortexa9_0'.
23:24:09 INFO  : 'configparams force-mem-access 0' command is executed.
23:24:09 INFO  : ----------------XSDB Script----------------
connect -path [list tcp::1534 tcp:181.47.10.131:3121]
source /home/nicolas/Documentos/FPGA_Practicas/contador_ip/contador_ad/contador_ad.sdk/system_wrapper_hw_platform_0/ps7_init.tcl
targets -set -nocase -filter {name =~"APU*" && jtag_cable_name =~ "Digilent Arty Z7 003017A4C8ABA"} -index 0
rst -system
after 3000
targets -set -filter {jtag_cable_name =~ "Digilent Arty Z7 003017A4C8ABA" && level==0} -index 1
fpga -file /home/nicolas/Documentos/FPGA_Practicas/contador_ip/contador_ad/contador_ad.sdk/system_wrapper_hw_platform_0/system_wrapper.bit
targets -set -nocase -filter {name =~"APU*" && jtag_cable_name =~ "Digilent Arty Z7 003017A4C8ABA"} -index 0
loadhw -hw /home/nicolas/Documentos/FPGA_Practicas/contador_ip/contador_ad/contador_ad.sdk/system_wrapper_hw_platform_0/system.hdf -mem-ranges [list {0x40000000 0xbfffffff}]
configparams force-mem-access 1
targets -set -nocase -filter {name =~"APU*" && jtag_cable_name =~ "Digilent Arty Z7 003017A4C8ABA"} -index 0
ps7_init
ps7_post_config
targets -set -nocase -filter {name =~ "ARM*#0" && jtag_cable_name =~ "Digilent Arty Z7 003017A4C8ABA"} -index 0
dow /home/nicolas/Documentos/FPGA_Practicas/contador_ip/contador_ad/contador_ad.sdk/cont_ad/Debug/cont_ad.elf
configparams force-mem-access 0
----------------End of Script----------------

23:24:09 INFO  : Memory regions updated for context APU
23:24:09 INFO  : Context for processor 'ps7_cortexa9_0' is selected.
23:24:09 INFO  : 'con' command is executed.
23:24:09 INFO  : ----------------XSDB Script (After Launch)----------------
targets -set -nocase -filter {name =~ "ARM*#0" && jtag_cable_name =~ "Digilent Arty Z7 003017A4C8ABA"} -index 0
con
----------------End of Script----------------

23:24:09 INFO  : Launch script is exported to file '/home/nicolas/Documentos/FPGA_Practicas/contador_ip/contador_ad/contador_ad.sdk/.sdk/launch_scripts/xilinx_c-c++_application_(system_debugger)/system_debugger_using_debug_cont_ad.elf_on_local_board_01.tcl'
23:25:21 INFO  : Disconnected from the channel tcfchan#1.
23:25:22 INFO  : Connected through redirection to target on host '181.47.10.131' and port '3121'.
23:25:22 WARN  : SDK version '2018.2' doesn't match hw_server version '2019.2'. Some debug features may not work.
23:25:26 INFO  : Jtag cable 'Digilent Arty Z7 003017A4C8ABA' is selected.
23:25:26 INFO  : 'jtag frequency' command is executed.
23:25:26 INFO  : Sourcing of '/home/nicolas/Documentos/FPGA_Practicas/contador_ip/contador_ad/contador_ad.sdk/system_wrapper_hw_platform_0/ps7_init.tcl' is done.
23:25:26 INFO  : Context for 'APU' is selected.
23:25:27 INFO  : System reset is completed.
23:25:30 INFO  : 'after 3000' command is executed.
23:25:30 INFO  : 'targets -set -filter {jtag_cable_name =~ "Digilent Arty Z7 003017A4C8ABA" && level==0} -index 1' command is executed.
23:25:31 INFO  : FPGA configured successfully with bitstream "/home/nicolas/Documentos/FPGA_Practicas/contador_ip/contador_ad/contador_ad.sdk/system_wrapper_hw_platform_0/system_wrapper.bit"
23:25:32 INFO  : Context for 'APU' is selected.
23:25:34 INFO  : Hardware design information is loaded from '/home/nicolas/Documentos/FPGA_Practicas/contador_ip/contador_ad/contador_ad.sdk/system_wrapper_hw_platform_0/system.hdf'.
23:25:34 INFO  : 'configparams force-mem-access 1' command is executed.
23:25:34 INFO  : Context for 'APU' is selected.
23:25:42 INFO  : 'ps7_init' command is executed.
23:25:42 INFO  : 'ps7_post_config' command is executed.
23:25:42 INFO  : Context for processor 'ps7_cortexa9_0' is selected.
23:25:43 INFO  : The application '/home/nicolas/Documentos/FPGA_Practicas/contador_ip/contador_ad/contador_ad.sdk/cont_ad/Debug/cont_ad.elf' is downloaded to processor 'ps7_cortexa9_0'.
23:25:43 INFO  : 'configparams force-mem-access 0' command is executed.
23:25:43 INFO  : ----------------XSDB Script----------------
connect -path [list tcp::1534 tcp:181.47.10.131:3121]
source /home/nicolas/Documentos/FPGA_Practicas/contador_ip/contador_ad/contador_ad.sdk/system_wrapper_hw_platform_0/ps7_init.tcl
targets -set -nocase -filter {name =~"APU*" && jtag_cable_name =~ "Digilent Arty Z7 003017A4C8ABA"} -index 0
rst -system
after 3000
targets -set -filter {jtag_cable_name =~ "Digilent Arty Z7 003017A4C8ABA" && level==0} -index 1
fpga -file /home/nicolas/Documentos/FPGA_Practicas/contador_ip/contador_ad/contador_ad.sdk/system_wrapper_hw_platform_0/system_wrapper.bit
targets -set -nocase -filter {name =~"APU*" && jtag_cable_name =~ "Digilent Arty Z7 003017A4C8ABA"} -index 0
loadhw -hw /home/nicolas/Documentos/FPGA_Practicas/contador_ip/contador_ad/contador_ad.sdk/system_wrapper_hw_platform_0/system.hdf -mem-ranges [list {0x40000000 0xbfffffff}]
configparams force-mem-access 1
targets -set -nocase -filter {name =~"APU*" && jtag_cable_name =~ "Digilent Arty Z7 003017A4C8ABA"} -index 0
ps7_init
ps7_post_config
targets -set -nocase -filter {name =~ "ARM*#0" && jtag_cable_name =~ "Digilent Arty Z7 003017A4C8ABA"} -index 0
dow /home/nicolas/Documentos/FPGA_Practicas/contador_ip/contador_ad/contador_ad.sdk/cont_ad/Debug/cont_ad.elf
configparams force-mem-access 0
----------------End of Script----------------

23:25:43 INFO  : Memory regions updated for context APU
23:25:43 INFO  : Context for processor 'ps7_cortexa9_0' is selected.
23:25:43 INFO  : 'con' command is executed.
23:25:43 INFO  : ----------------XSDB Script (After Launch)----------------
targets -set -nocase -filter {name =~ "ARM*#0" && jtag_cable_name =~ "Digilent Arty Z7 003017A4C8ABA"} -index 0
con
----------------End of Script----------------

23:25:43 INFO  : Launch script is exported to file '/home/nicolas/Documentos/FPGA_Practicas/contador_ip/contador_ad/contador_ad.sdk/.sdk/launch_scripts/xilinx_c-c++_application_(system_debugger)/system_debugger_using_debug_cont_ad.elf_on_local_board_01.tcl'
23:36:48 INFO  : Connected through redirection to target on host '181.47.10.131' and port '3121'.
23:36:48 WARN  : SDK version '2018.2' doesn't match hw_server version '2019.2'. Some debug features may not work.
23:36:48 INFO  : Jtag cable 'Digilent Arty Z7 003017A4C81CA' is selected.
23:36:48 INFO  : 'jtag frequency' command is executed.
23:36:48 INFO  : Sourcing of '/home/nicolas/Documentos/FPGA_Practicas/contador_ip/contador_ad/contador_ad.sdk/system_wrapper_hw_platform_0/ps7_init.tcl' is done.
23:36:48 INFO  : Context for 'APU' is selected.
23:36:49 INFO  : System reset is completed.
23:36:52 INFO  : 'after 3000' command is executed.
23:36:52 INFO  : 'targets -set -filter {jtag_cable_name =~ "Digilent Arty Z7 003017A4C81CA" && level==0} -index 1' command is executed.
23:36:53 INFO  : FPGA configured successfully with bitstream "/home/nicolas/Documentos/FPGA_Practicas/contador_ip/contador_ad/contador_ad.sdk/system_wrapper_hw_platform_0/system_wrapper.bit"
23:36:54 INFO  : Context for 'APU' is selected.
23:36:54 INFO  : Hardware design information is loaded from '/home/nicolas/Documentos/FPGA_Practicas/contador_ip/contador_ad/contador_ad.sdk/system_wrapper_hw_platform_0/system.hdf'.
23:36:54 INFO  : 'configparams force-mem-access 1' command is executed.
23:36:54 INFO  : Context for 'APU' is selected.
23:37:02 INFO  : 'ps7_init' command is executed.
23:37:02 INFO  : 'ps7_post_config' command is executed.
23:37:02 INFO  : Context for processor 'ps7_cortexa9_0' is selected.
23:37:03 INFO  : The application '/home/nicolas/Documentos/FPGA_Practicas/contador_ip/contador_ad/contador_ad.sdk/cont_ad/Debug/cont_ad.elf' is downloaded to processor 'ps7_cortexa9_0'.
23:37:03 INFO  : 'configparams force-mem-access 0' command is executed.
23:37:03 INFO  : ----------------XSDB Script----------------
connect -path [list tcp::1534 tcp:181.47.10.131:3121]
source /home/nicolas/Documentos/FPGA_Practicas/contador_ip/contador_ad/contador_ad.sdk/system_wrapper_hw_platform_0/ps7_init.tcl
targets -set -nocase -filter {name =~"APU*" && jtag_cable_name =~ "Digilent Arty Z7 003017A4C81CA"} -index 0
rst -system
after 3000
targets -set -filter {jtag_cable_name =~ "Digilent Arty Z7 003017A4C81CA" && level==0} -index 1
fpga -file /home/nicolas/Documentos/FPGA_Practicas/contador_ip/contador_ad/contador_ad.sdk/system_wrapper_hw_platform_0/system_wrapper.bit
targets -set -nocase -filter {name =~"APU*" && jtag_cable_name =~ "Digilent Arty Z7 003017A4C81CA"} -index 0
loadhw -hw /home/nicolas/Documentos/FPGA_Practicas/contador_ip/contador_ad/contador_ad.sdk/system_wrapper_hw_platform_0/system.hdf -mem-ranges [list {0x40000000 0xbfffffff}]
configparams force-mem-access 1
targets -set -nocase -filter {name =~"APU*" && jtag_cable_name =~ "Digilent Arty Z7 003017A4C81CA"} -index 0
ps7_init
ps7_post_config
targets -set -nocase -filter {name =~ "ARM*#0" && jtag_cable_name =~ "Digilent Arty Z7 003017A4C81CA"} -index 0
dow /home/nicolas/Documentos/FPGA_Practicas/contador_ip/contador_ad/contador_ad.sdk/cont_ad/Debug/cont_ad.elf
configparams force-mem-access 0
----------------End of Script----------------

23:37:03 INFO  : Memory regions updated for context APU
23:37:03 INFO  : Context for processor 'ps7_cortexa9_0' is selected.
23:37:03 INFO  : 'con' command is executed.
23:37:03 INFO  : ----------------XSDB Script (After Launch)----------------
targets -set -nocase -filter {name =~ "ARM*#0" && jtag_cable_name =~ "Digilent Arty Z7 003017A4C81CA"} -index 0
con
----------------End of Script----------------

23:37:03 INFO  : Launch script is exported to file '/home/nicolas/Documentos/FPGA_Practicas/contador_ip/contador_ad/contador_ad.sdk/.sdk/launch_scripts/xilinx_c-c++_application_(system_debugger)/system_debugger_using_debug_cont_ad.elf_on_local___board_00.tcl'
23:38:04 INFO  : Disconnected from the channel tcfchan#2.
23:38:06 INFO  : Connected through redirection to target on host '181.47.10.131' and port '3121'.
23:38:06 WARN  : SDK version '2018.2' doesn't match hw_server version '2019.2'. Some debug features may not work.
23:38:06 INFO  : Jtag cable 'Digilent Arty Z7 003017A4C81CA' is selected.
23:38:06 INFO  : 'jtag frequency' command is executed.
23:38:06 INFO  : Sourcing of '/home/nicolas/Documentos/FPGA_Practicas/contador_ip/contador_ad/contador_ad.sdk/system_wrapper_hw_platform_0/ps7_init.tcl' is done.
23:38:06 INFO  : Context for 'APU' is selected.
23:38:06 INFO  : System reset is completed.
23:38:09 INFO  : 'after 3000' command is executed.
23:38:10 INFO  : 'targets -set -filter {jtag_cable_name =~ "Digilent Arty Z7 003017A4C81CA" && level==0} -index 1' command is executed.
23:38:11 INFO  : FPGA configured successfully with bitstream "/home/nicolas/Documentos/FPGA_Practicas/contador_ip/contador_ad/contador_ad.sdk/system_wrapper_hw_platform_0/system_wrapper.bit"
23:38:11 INFO  : Context for 'APU' is selected.
23:38:13 INFO  : Hardware design information is loaded from '/home/nicolas/Documentos/FPGA_Practicas/contador_ip/contador_ad/contador_ad.sdk/system_wrapper_hw_platform_0/system.hdf'.
23:38:13 INFO  : 'configparams force-mem-access 1' command is executed.
23:38:13 INFO  : Context for 'APU' is selected.
23:38:21 INFO  : 'ps7_init' command is executed.
23:38:22 INFO  : 'ps7_post_config' command is executed.
23:38:22 INFO  : Context for processor 'ps7_cortexa9_0' is selected.
23:38:22 INFO  : The application '/home/nicolas/Documentos/FPGA_Practicas/contador_ip/contador_ad/contador_ad.sdk/cont_ad/Debug/cont_ad.elf' is downloaded to processor 'ps7_cortexa9_0'.
23:38:22 INFO  : 'configparams force-mem-access 0' command is executed.
23:38:22 INFO  : ----------------XSDB Script----------------
connect -path [list tcp::1534 tcp:181.47.10.131:3121]
source /home/nicolas/Documentos/FPGA_Practicas/contador_ip/contador_ad/contador_ad.sdk/system_wrapper_hw_platform_0/ps7_init.tcl
targets -set -nocase -filter {name =~"APU*" && jtag_cable_name =~ "Digilent Arty Z7 003017A4C81CA"} -index 0
rst -system
after 3000
targets -set -filter {jtag_cable_name =~ "Digilent Arty Z7 003017A4C81CA" && level==0} -index 1
fpga -file /home/nicolas/Documentos/FPGA_Practicas/contador_ip/contador_ad/contador_ad.sdk/system_wrapper_hw_platform_0/system_wrapper.bit
targets -set -nocase -filter {name =~"APU*" && jtag_cable_name =~ "Digilent Arty Z7 003017A4C81CA"} -index 0
loadhw -hw /home/nicolas/Documentos/FPGA_Practicas/contador_ip/contador_ad/contador_ad.sdk/system_wrapper_hw_platform_0/system.hdf -mem-ranges [list {0x40000000 0xbfffffff}]
configparams force-mem-access 1
targets -set -nocase -filter {name =~"APU*" && jtag_cable_name =~ "Digilent Arty Z7 003017A4C81CA"} -index 0
ps7_init
ps7_post_config
targets -set -nocase -filter {name =~ "ARM*#0" && jtag_cable_name =~ "Digilent Arty Z7 003017A4C81CA"} -index 0
dow /home/nicolas/Documentos/FPGA_Practicas/contador_ip/contador_ad/contador_ad.sdk/cont_ad/Debug/cont_ad.elf
configparams force-mem-access 0
----------------End of Script----------------

23:38:22 INFO  : Memory regions updated for context APU
23:38:23 INFO  : Context for processor 'ps7_cortexa9_0' is selected.
23:38:23 INFO  : 'con' command is executed.
23:38:23 INFO  : ----------------XSDB Script (After Launch)----------------
targets -set -nocase -filter {name =~ "ARM*#0" && jtag_cable_name =~ "Digilent Arty Z7 003017A4C81CA"} -index 0
con
----------------End of Script----------------

23:38:23 INFO  : Launch script is exported to file '/home/nicolas/Documentos/FPGA_Practicas/contador_ip/contador_ad/contador_ad.sdk/.sdk/launch_scripts/xilinx_c-c++_application_(system_debugger)/system_debugger_using_debug_cont_ad.elf_on_local___board_00.tcl'
23:45:14 INFO  : Disconnected from the channel tcfchan#3.
23:45:16 INFO  : Connected through redirection to target on host '181.47.10.131' and port '3121'.
23:45:16 WARN  : SDK version '2018.2' doesn't match hw_server version '2019.2'. Some debug features may not work.
23:45:16 INFO  : Jtag cable 'Digilent Arty Z7 003017A4C81CA' is selected.
23:45:16 INFO  : 'jtag frequency' command is executed.
23:45:16 INFO  : Sourcing of '/home/nicolas/Documentos/FPGA_Practicas/contador_ip/contador_ad/contador_ad.sdk/system_wrapper_hw_platform_0/ps7_init.tcl' is done.
23:45:16 INFO  : Context for 'APU' is selected.
23:45:16 INFO  : System reset is completed.
23:45:19 INFO  : 'after 3000' command is executed.
23:45:20 INFO  : 'targets -set -filter {jtag_cable_name =~ "Digilent Arty Z7 003017A4C81CA" && level==0} -index 1' command is executed.
23:45:21 INFO  : FPGA configured successfully with bitstream "/home/nicolas/Documentos/FPGA_Practicas/contador_ip/contador_ad/contador_ad.sdk/system_wrapper_hw_platform_0/system_wrapper.bit"
23:45:21 INFO  : Context for 'APU' is selected.
23:45:24 INFO  : Hardware design information is loaded from '/home/nicolas/Documentos/FPGA_Practicas/contador_ip/contador_ad/contador_ad.sdk/system_wrapper_hw_platform_0/system.hdf'.
23:45:24 INFO  : 'configparams force-mem-access 1' command is executed.
23:45:24 INFO  : Context for 'APU' is selected.
23:45:32 INFO  : 'ps7_init' command is executed.
23:45:32 INFO  : 'ps7_post_config' command is executed.
23:45:32 INFO  : Context for processor 'ps7_cortexa9_0' is selected.
23:45:32 INFO  : The application '/home/nicolas/Documentos/FPGA_Practicas/contador_ip/contador_ad/contador_ad.sdk/cont_ad/Debug/cont_ad.elf' is downloaded to processor 'ps7_cortexa9_0'.
23:45:32 INFO  : 'configparams force-mem-access 0' command is executed.
23:45:32 INFO  : ----------------XSDB Script----------------
connect -path [list tcp::1534 tcp:181.47.10.131:3121]
source /home/nicolas/Documentos/FPGA_Practicas/contador_ip/contador_ad/contador_ad.sdk/system_wrapper_hw_platform_0/ps7_init.tcl
targets -set -nocase -filter {name =~"APU*" && jtag_cable_name =~ "Digilent Arty Z7 003017A4C81CA"} -index 0
rst -system
after 3000
targets -set -filter {jtag_cable_name =~ "Digilent Arty Z7 003017A4C81CA" && level==0} -index 1
fpga -file /home/nicolas/Documentos/FPGA_Practicas/contador_ip/contador_ad/contador_ad.sdk/system_wrapper_hw_platform_0/system_wrapper.bit
targets -set -nocase -filter {name =~"APU*" && jtag_cable_name =~ "Digilent Arty Z7 003017A4C81CA"} -index 0
loadhw -hw /home/nicolas/Documentos/FPGA_Practicas/contador_ip/contador_ad/contador_ad.sdk/system_wrapper_hw_platform_0/system.hdf -mem-ranges [list {0x40000000 0xbfffffff}]
configparams force-mem-access 1
targets -set -nocase -filter {name =~"APU*" && jtag_cable_name =~ "Digilent Arty Z7 003017A4C81CA"} -index 0
ps7_init
ps7_post_config
targets -set -nocase -filter {name =~ "ARM*#0" && jtag_cable_name =~ "Digilent Arty Z7 003017A4C81CA"} -index 0
dow /home/nicolas/Documentos/FPGA_Practicas/contador_ip/contador_ad/contador_ad.sdk/cont_ad/Debug/cont_ad.elf
configparams force-mem-access 0
----------------End of Script----------------

23:45:33 INFO  : Memory regions updated for context APU
23:45:33 INFO  : Context for processor 'ps7_cortexa9_0' is selected.
23:45:33 INFO  : 'con' command is executed.
23:45:33 INFO  : ----------------XSDB Script (After Launch)----------------
targets -set -nocase -filter {name =~ "ARM*#0" && jtag_cable_name =~ "Digilent Arty Z7 003017A4C81CA"} -index 0
con
----------------End of Script----------------

23:45:33 INFO  : Launch script is exported to file '/home/nicolas/Documentos/FPGA_Practicas/contador_ip/contador_ad/contador_ad.sdk/.sdk/launch_scripts/xilinx_c-c++_application_(system_debugger)/system_debugger_using_debug_cont_ad.elf_on_local___board_00.tcl'
23:57:11 WARN  : channel "tcfchan#2" closed
23:57:11 INFO  : Disconnected from the channel tcfchan#4.
